<?xml version="1.0" encoding="UTF-8"?>
<testng-results ignored="0" total="1" passed="1" failed="0" skipped="0">
  <reporter-output>
  </reporter-output>
  <suite started-at="2022-08-30T15:26:46 IST" name="Default suite" finished-at="2022-08-30T15:26:46 IST" duration-ms="58">
    <groups>
    </groups>
    <test started-at="2022-08-30T15:26:46 IST" name="Default test" finished-at="2022-08-30T15:26:46 IST" duration-ms="58">
      <class name="test.day1">
        <test-method signature="demo()[pri:0, instance:test.day1@61d6015a]" started-at="2022-08-30T15:26:46 IST" name="demo" finished-at="2022-08-30T15:26:46 IST" duration-ms="10" status="PASS">
          <reporter-output>
          </reporter-output>
        </test-method> <!-- demo -->
      </class> <!-- test.day1 -->
    </test> <!-- Default test -->
  </suite> <!-- Default suite -->
</testng-results>
