<?xml version="1.0" encoding="UTF-8"?>
<!-- Generated by org.testng.reporters.JUnitXMLReporter -->
<testsuite ignored="0" hostname="LapWinX-DAC70" failures="0" tests="3" name="Default test" time="0.09" errors="0" timestamp="2023-11-10T15:26:52 IST">
  <testcase classname="test.TestNGLoginModule" name="loginFunction" time="0.01"/>
  <testcase classname="test.TestNGLoginModule" name="loginFunction" time="0.002"/>
  <testcase classname="test.TestNGLoginModule" name="loginFunction" time="0.002"/>
</testsuite> <!-- Default test -->
