<?xml version="1.0" encoding="UTF-8"?>
<!-- Generated by org.testng.reporters.JUnitXMLReporter -->
<testsuite ignored="1" hostname="LapWinX-DAC70" failures="0" tests="2" name="Testone" time="0.006" errors="0" timestamp="2023-11-01T14:43:40 IST">
  <testcase classname="test.TestNGModule1" name="testCaseOne" time="0.001"/>
  <testcase classname="test.TestNGModule1" name="testCaseThree" time="0.0"/>
  <testcase classname="test.TestNGModule1" name="testCaseTwo" time="0.0">
    <ignored/>
  </testcase> <!-- testCaseTwo -->
</testsuite> <!-- Testone -->
