<?xml version="1.0" encoding="UTF-8"?>
<!-- Generated by org.testng.reporters.JUnitXMLReporter -->
<testsuite ignored="0" hostname="LapWinX-DAC70" failures="0" tests="4" name="Test" time="0.055" errors="0" timestamp="2023-11-10T15:36:05 IST">
  <testcase classname="test.TestNGLoginModule" name="loadPage" time="0.008"/>
  <testcase classname="test.TestNGLoginModule" name="loginFunction" time="0.003"/>
  <testcase classname="test.TestNGLoginModule" name="loginFunction" time="0.001"/>
  <testcase classname="test.TestNGLoginModule" name="loginFunction" time="0.001"/>
</testsuite> <!-- Test -->
