<?xml version="1.0" encoding="UTF-8"?>
<testng-results ignored="0" total="4" passed="4" failed="0" skipped="0">
  <reporter-output>
  </reporter-output>
  <suite started-at="2023-11-10T15:36:05 IST" name="Suite" finished-at="2023-11-10T15:36:05 IST" duration-ms="55">
    <groups>
    </groups>
    <test started-at="2023-11-10T15:36:05 IST" name="Test" finished-at="2023-11-10T15:36:05 IST" duration-ms="55">
      <class name="test.TestNGLoginModule">
        <test-method signature="loadPage(java.lang.String)[pri:0, instance:test.TestNGLoginModule@1649b0e6]" started-at="2023-11-10T15:36:05 IST" name="loadPage" finished-at="2023-11-10T15:36:05 IST" duration-ms="8" status="PASS">
          <params>
            <param index="0">
              <value>
                <![CDATA[qaclickacademy]]>
              </value>
            </param>
          </params>
          <reporter-output>
          </reporter-output>
        </test-method> <!-- loadPage -->
        <test-method signature="loginFunction(java.lang.String,java.lang.String)[pri:0, instance:test.TestNGLoginModule@1649b0e6]" started-at="2023-11-10T15:36:05 IST" name="loginFunction" data-provider="getData" finished-at="2023-11-10T15:36:05 IST" duration-ms="3" status="PASS">
          <params>
            <param index="0">
              <value>
                <![CDATA[firstUserName]]>
              </value>
            </param>
            <param index="1">
              <value>
                <![CDATA[firstPassword]]>
              </value>
            </param>
          </params>
          <reporter-output>
          </reporter-output>
        </test-method> <!-- loginFunction -->
        <test-method signature="loginFunction(java.lang.String,java.lang.String)[pri:0, instance:test.TestNGLoginModule@1649b0e6]" started-at="2023-11-10T15:36:05 IST" name="loginFunction" data-provider="getData" finished-at="2023-11-10T15:36:05 IST" duration-ms="1" status="PASS">
          <params>
            <param index="0">
              <value>
                <![CDATA[secondUserName]]>
              </value>
            </param>
            <param index="1">
              <value>
                <![CDATA[secondPassword]]>
              </value>
            </param>
          </params>
          <reporter-output>
          </reporter-output>
        </test-method> <!-- loginFunction -->
        <test-method signature="loginFunction(java.lang.String,java.lang.String)[pri:0, instance:test.TestNGLoginModule@1649b0e6]" started-at="2023-11-10T15:36:05 IST" name="loginFunction" data-provider="getData" finished-at="2023-11-10T15:36:05 IST" duration-ms="1" status="PASS">
          <params>
            <param index="0">
              <value>
                <![CDATA[thirdUserName]]>
              </value>
            </param>
            <param index="1">
              <value>
                <![CDATA[thirdPassword]]>
              </value>
            </param>
          </params>
          <reporter-output>
          </reporter-output>
        </test-method> <!-- loginFunction -->
      </class> <!-- test.TestNGLoginModule -->
    </test> <!-- Test -->
  </suite> <!-- Suite -->
</testng-results>
