<?xml version="1.0" encoding="UTF-8"?>
<testng-results ignored="0" total="2" passed="1" failed="1" skipped="0">
  <reporter-output>
  </reporter-output>
  <suite started-at="2023-11-15T10:29:18Z" name="Default suite" finished-at="2023-11-15T10:29:37Z" duration-ms="19182">
    <groups>
    </groups>
    <test started-at="2023-11-15T10:29:18Z" name="Default test" finished-at="2023-11-15T10:29:37Z" duration-ms="19182">
      <class name="frameworkLearning.EcommerecCode2">
        <test-method signature="submitOrder(java.lang.String, java.lang.String, java.lang.String)[pri:0, instance:frameworkLearning.EcommerecCode2@1bae316d]" started-at="2023-11-15T10:29:18Z" name="submitOrder" data-provider="testData" finished-at="2023-11-15T10:29:30Z" duration-ms="12091" status="PASS">
          <params>
            <param index="0">
              <value>
                <![CDATA[indu@demo.com]]>
              </value>
            </param>
            <param index="1">
              <value>
                <![CDATA[Test@123]]>
              </value>
            </param>
            <param index="2">
              <value>
                <![CDATA[zara coat 3]]>
              </value>
            </param>
          </params>
          <reporter-output>
          </reporter-output>
        </test-method> <!-- submitOrder -->
        <test-method signature="submitOrder(java.lang.String, java.lang.String, java.lang.String)[pri:0, instance:frameworkLearning.EcommerecCode2@1bae316d]" started-at="2023-11-15T10:29:30Z" name="submitOrder" data-provider="testData" finished-at="2023-11-15T10:29:37Z" duration-ms="7045" status="FAIL">
          <params>
            <param index="0">
              <value>
                <![CDATA[indu@gmail.com]]>
              </value>
            </param>
            <param index="1">
              <value>
                <![CDATA[Test@123]]>
              </value>
            </param>
            <param index="2">
              <value>
                <![CDATA[adidas original]]>
              </value>
            </param>
          </params>
          <exception class="java.lang.NullPointerException">
            <full-stacktrace>
              <![CDATA[java.lang.NullPointerException
at frameworkLearning.pageobjects.ProductCatalog.addProductToCart(ProductCatalog.java:53)
at frameworkLearning.EcommerecCode2.submitOrder(EcommerecCode2.java:37)
at java.base/jdk.internal.reflect.NativeMethodAccessorImpl.invoke0(Native Method)
at java.base/jdk.internal.reflect.NativeMethodAccessorImpl.invoke(NativeMethodAccessorImpl.java:62)
at java.base/jdk.internal.reflect.DelegatingMethodAccessorImpl.invoke(DelegatingMethodAccessorImpl.java:43)
at java.base/java.lang.reflect.Method.invoke(Method.java:566)
at org.testng.internal.MethodInvocationHelper.invokeMethod(MethodInvocationHelper.java:124)
at org.testng.internal.Invoker.invokeMethod(Invoker.java:583)
at org.testng.internal.Invoker.invokeTestMethod(Invoker.java:719)
at org.testng.internal.Invoker.invokeTestMethods(Invoker.java:989)
at org.testng.internal.TestMethodWorker.invokeTestMethods(TestMethodWorker.java:125)
at org.testng.internal.TestMethodWorker.run(TestMethodWorker.java:109)
at org.testng.TestRunner.privateRun(TestRunner.java:648)
at org.testng.TestRunner.run(TestRunner.java:505)
at org.testng.SuiteRunner.runTest(SuiteRunner.java:455)
at org.testng.SuiteRunner.runSequentially(SuiteRunner.java:450)
at org.testng.SuiteRunner.privateRun(SuiteRunner.java:415)
at org.testng.SuiteRunner.run(SuiteRunner.java:364)
at org.testng.SuiteRunnerWorker.runSuite(SuiteRunnerWorker.java:52)
at org.testng.SuiteRunnerWorker.run(SuiteRunnerWorker.java:84)
at org.testng.TestNG.runSuitesSequentially(TestNG.java:1208)
at org.testng.TestNG.runSuitesLocally(TestNG.java:1137)
at org.testng.TestNG.runSuites(TestNG.java:1049)
at org.testng.TestNG.run(TestNG.java:1017)
at org.testng.remote.AbstractRemoteTestNG.run(AbstractRemoteTestNG.java:115)
at org.testng.remote.RemoteTestNG.initAndRun(RemoteTestNG.java:251)
at org.testng.remote.RemoteTestNG.main(RemoteTestNG.java:77)
]]>
            </full-stacktrace>
          </exception> <!-- java.lang.NullPointerException -->
          <reporter-output>
          </reporter-output>
        </test-method> <!-- submitOrder -->
      </class> <!-- frameworkLearning.EcommerecCode2 -->
    </test> <!-- Default test -->
  </suite> <!-- Default suite -->
</testng-results>
